
MONITORLIZARD	Fri Jul 05 19:04:46 2013
	Sweep is started by SWEEPER
	Database "E:\DROPBOX\C# PROJECTS\REFLECTA2.0\REFLECTA2.0\BIN\DEBUG\DATA\DATABASE.FDB" 
	OIT 32, OAT 20029, OST 20029, Next 20036


MONITORLIZARD	Fri Jul 05 19:04:46 2013
	Sweep is finished
	Database "E:\DROPBOX\C# PROJECTS\REFLECTA2.0\REFLECTA2.0\BIN\DEBUG\DATA\DATABASE.FDB" 
	OIT 20036, OAT 20036, OST 20036, Next 20038


MONITORLIZARD	Tue Jul 09 13:49:16 2013
	Sweep is started by SWEEPER
	Database "E:\DROPBOX\C# PROJECTS\REFLECTA2.0\REFLECTA2.0\BIN\DEBUG\DATA\DATABASE.FDB" 
	OIT 389444, OAT 409444, OST 409444, Next 409453


MONITORLIZARD	Tue Jul 09 13:49:55 2013
	Sweep is finished
	Database "E:\DROPBOX\C# PROJECTS\REFLECTA2.0\REFLECTA2.0\BIN\DEBUG\DATA\DATABASE.FDB" 
	OIT 409451, OAT 409519, OST 409519, Next 409529


MONITORLIZARD	Wed Jul 10 12:16:56 2013
	Sweep is started by SWEEPER
	Database "E:\DROPBOX\C# PROJECTS\REFLECTA2.0\REFLECTA2.0\BIN\DEBUG\DATA\DATABASE.FDB" 
	OIT 419660, OAT 439664, OST 439664, Next 439666


MONITORLIZARD	Wed Jul 10 12:17:33 2013
	Sweep is finished
	Database "E:\DROPBOX\C# PROJECTS\REFLECTA2.0\REFLECTA2.0\BIN\DEBUG\DATA\DATABASE.FDB" 
	OIT 439663, OAT 439740, OST 439740, Next 439749


MONITORLIZARD	Wed Jul 10 20:28:14 2013
	Sweep is started by SWEEPER
	Database "E:\DROPBOX\C# PROJECTS\REFLECTA2.0\REFLECTA2.0\BIN\DEBUG\DATA\DATABASE.FDB" 
	OIT 419660, OAT 439659, OST 439659, Next 439667


MONITORLIZARD	Wed Jul 10 20:28:14 2013
	Sweep is finished
	Database "E:\DROPBOX\C# PROJECTS\REFLECTA2.0\REFLECTA2.0\BIN\DEBUG\DATA\DATABASE.FDB" 
	OIT 439665, OAT 439666, OST 439666, Next 439669


MONITORLIZARD	Fri Jul 12 13:33:27 2013
	Sweep is started by SWEEPER
	Database "E:\DROPBOX\C# PROJECTS\REFLECTA2.0\REFLECTA2.0\BIN\DEBUG\DATA\DATABASE.FDB" 
	OIT 498417, OAT 518417, OST 518417, Next 518423


MONITORLIZARD	Fri Jul 12 13:34:00 2013
	Sweep is finished
	Database "E:\DROPBOX\C# PROJECTS\REFLECTA2.0\REFLECTA2.0\BIN\DEBUG\DATA\DATABASE.FDB" 
	OIT 518423, OAT 518499, OST 518499, Next 518512

